\BOOKMARK [0][-]{Doc-Start}{Table\040of\040Contents}{}% 1
\BOOKMARK [0][-]{chapter.1}{1\040The\040Real\040Numbers}{}% 2
\BOOKMARK [1][-]{section.1.1}{1.1\040Some\040Basic\040Set\040Theory\040Notions}{chapter.1}% 3
\BOOKMARK [2][-]{subsection.1.1.1}{1.1.1\040Sets\040of\040Real\040Numbers}{section.1.1}% 4
\BOOKMARK [1][-]{section.1.2}{1.2\040The\040Cartesian\040Coordinate\040Plane}{chapter.1}% 5
\BOOKMARK [2][-]{subsection.1.2.1}{1.2.1\040Distance\040in\040the\040Plane}{section.1.2}% 6
\BOOKMARK [0][-]{chapter.2}{2\040Functions}{}% 7
\BOOKMARK [1][-]{section.2.1}{2.1\040Function\040Notation}{chapter.2}% 8
\BOOKMARK [1][-]{section.2.2}{2.2\040Operations\040on\040Functions}{chapter.2}% 9
\BOOKMARK [2][-]{subsection.2.2.1}{2.2.1\040Arithmetic\040with\040Functions}{section.2.2}% 10
\BOOKMARK [2][-]{subsection.2.2.2}{2.2.2\040Function\040Composition}{section.2.2}% 11
\BOOKMARK [2][-]{subsection.2.2.3}{2.2.3\040Inverse\040Functions}{section.2.2}% 12
\BOOKMARK [0][-]{chapter.3}{3\040Essential\040Functions}{}% 13
\BOOKMARK [1][-]{section.3.1}{3.1\040Linear\040and\040Quadratic\040Functions}{chapter.3}% 14
\BOOKMARK [2][-]{subsection.3.1.1}{3.1.1\040Linear\040Functions}{section.3.1}% 15
\BOOKMARK [2][-]{subsection.3.1.2}{3.1.2\040Absolute\040Value\040Functions}{section.3.1}% 16
\BOOKMARK [2][-]{subsection.3.1.3}{3.1.3\040Quadratic\040Functions}{section.3.1}% 17
\BOOKMARK [1][-]{section.3.2}{3.2\040Polynomial\040Functions}{chapter.3}% 18
\BOOKMARK [2][-]{subsection.3.2.1}{3.2.1\040Graphs\040of\040Polynomial\040Functions}{section.3.2}% 19
\BOOKMARK [2][-]{subsection.3.2.2}{3.2.2\040Polynomial\040Arithmetic}{section.3.2}% 20
\BOOKMARK [2][-]{subsection.3.2.3}{3.2.3\040Polynomial\040Addition,\040Subtraction\040and\040Multiplication.}{section.3.2}% 21
\BOOKMARK [2][-]{subsection.3.2.4}{3.2.4\040Polynomial\040Long\040Division.}{section.3.2}% 22
\BOOKMARK [1][-]{section.3.3}{3.3\040Rational\040Functions}{chapter.3}% 23
\BOOKMARK [2][-]{subsection.3.3.1}{3.3.1\040Introduction\040to\040Rational\040Functions}{section.3.3}% 24
\BOOKMARK [1][-]{section.3.4}{3.4\040Exponential\040and\040Logarithmic\040Functions}{chapter.3}% 25
\BOOKMARK [2][-]{subsection.3.4.1}{3.4.1\040Introduction\040to\040Exponential\040and\040Logarithmic\040Functions}{section.3.4}% 26
\BOOKMARK [2][-]{subsection.3.4.2}{3.4.2\040Properties\040of\040Logarithms}{section.3.4}% 27
\BOOKMARK [0][-]{chapter.4}{4\040Foundations\040of\040Trigonometry}{}% 28
\BOOKMARK [1][-]{section.4.1}{4.1\040The\040Unit\040Circle:\040Sine\040and\040Cosine}{chapter.4}% 29
\BOOKMARK [1][-]{section.4.2}{4.2\040The\040Six\040Circular\040Functions\040and\040Fundamental\040Identities}{chapter.4}% 30
\BOOKMARK [1][-]{section.4.3}{4.3\040Trigonometric\040Identities}{chapter.4}% 31
\BOOKMARK [1][-]{section.4.4}{4.4\040Graphs\040of\040the\040Trigonometric\040Functions}{chapter.4}% 32
\BOOKMARK [2][-]{subsection.4.4.1}{4.4.1\040Graphs\040of\040the\040Cosine\040and\040Sine\040Functions}{section.4.4}% 33
\BOOKMARK [2][-]{subsection.4.4.2}{4.4.2\040Graphs\040of\040the\040Secant\040and\040Cosecant\040Functions}{section.4.4}% 34
\BOOKMARK [2][-]{subsection.4.4.3}{4.4.3\040Graphs\040of\040the\040Tangent\040and\040Cotangent\040Functions}{section.4.4}% 35
\BOOKMARK [1][-]{section.4.5}{4.5\040Inverse\040Trigonometric\040Functions}{chapter.4}% 36
\BOOKMARK [2][-]{subsection.4.5.1}{4.5.1\040Inverses\040of\040Secant\040and\040Cosecant:\040Trigonometry\040Friendly\040Approach}{section.4.5}% 37
\BOOKMARK [2][-]{subsection.4.5.2}{4.5.2\040Inverses\040of\040Secant\040and\040Cosecant:\040Calculus\040Friendly\040Approach}{section.4.5}% 38
\BOOKMARK [0][-]{appendix.A}{A\040Answers\040To\040Selected\040Problems}{}% 39
\BOOKMARK [0][-]{section*.256}{Index}{}% 40
