\BOOKMARK [0][-]{Doc-Start}{Table\040of\040Contents}{}% 1
\BOOKMARK [0][-]{section*.2}{Preface}{}% 2
\BOOKMARK [0][-]{chapter.1}{1\040The\040Real\040Numbers}{}% 3
\BOOKMARK [1][-]{section.1.1}{1.1\040Some\040Basic\040Set\040Theory\040Notions}{chapter.1}% 4
\BOOKMARK [2][-]{subsection.1.1.1}{1.1.1\040Sets\040of\040Real\040Numbers}{section.1.1}% 5
\BOOKMARK [1][-]{section.1.2}{1.2\040The\040Cartesian\040Coordinate\040Plane}{chapter.1}% 6
\BOOKMARK [2][-]{subsection.1.2.1}{1.2.1\040Distance\040in\040the\040Plane}{section.1.2}% 7
\BOOKMARK [0][-]{chapter.2}{2\040Functions}{}% 8
\BOOKMARK [1][-]{section.2.1}{2.1\040Function\040Notation}{chapter.2}% 9
\BOOKMARK [1][-]{section.2.2}{2.2\040Operations\040on\040Functions}{chapter.2}% 10
\BOOKMARK [2][-]{subsection.2.2.1}{2.2.1\040Arithmetic\040with\040Functions}{section.2.2}% 11
\BOOKMARK [2][-]{subsection.2.2.2}{2.2.2\040Function\040Composition}{section.2.2}% 12
\BOOKMARK [2][-]{subsection.2.2.3}{2.2.3\040Inverse\040Functions}{section.2.2}% 13
\BOOKMARK [0][-]{chapter.3}{3\040Essential\040Functions}{}% 14
\BOOKMARK [1][-]{section.3.1}{3.1\040Linear\040and\040Quadratic\040Functions}{chapter.3}% 15
\BOOKMARK [2][-]{subsection.3.1.1}{3.1.1\040Linear\040Functions}{section.3.1}% 16
\BOOKMARK [2][-]{subsection.3.1.2}{3.1.2\040Absolute\040Value\040Functions}{section.3.1}% 17
\BOOKMARK [2][-]{subsection.3.1.3}{3.1.3\040Quadratic\040Functions}{section.3.1}% 18
\BOOKMARK [1][-]{section.3.2}{3.2\040Polynomial\040Functions}{chapter.3}% 19
\BOOKMARK [2][-]{subsection.3.2.1}{3.2.1\040Graphs\040of\040Polynomial\040Functions}{section.3.2}% 20
\BOOKMARK [2][-]{subsection.3.2.2}{3.2.2\040Polynomial\040Arithmetic}{section.3.2}% 21
\BOOKMARK [2][-]{subsection.3.2.3}{3.2.3\040Polynomial\040Addition,\040Subtraction\040and\040Multiplication.}{section.3.2}% 22
\BOOKMARK [2][-]{subsection.3.2.4}{3.2.4\040Polynomial\040Long\040Division.}{section.3.2}% 23
\BOOKMARK [1][-]{section.3.3}{3.3\040Rational\040Functions}{chapter.3}% 24
\BOOKMARK [2][-]{subsection.3.3.1}{3.3.1\040Introduction\040to\040Rational\040Functions}{section.3.3}% 25
\BOOKMARK [1][-]{section.3.4}{3.4\040Exponential\040and\040Logarithmic\040Functions}{chapter.3}% 26
\BOOKMARK [2][-]{subsection.3.4.1}{3.4.1\040Introduction\040to\040Exponential\040and\040Logarithmic\040Functions}{section.3.4}% 27
\BOOKMARK [2][-]{subsection.3.4.2}{3.4.2\040Properties\040of\040Logarithms}{section.3.4}% 28
\BOOKMARK [0][-]{chapter.4}{4\040Foundations\040of\040Trigonometry}{}% 29
\BOOKMARK [1][-]{section.4.1}{4.1\040The\040Unit\040Circle:\040Sine\040and\040Cosine}{chapter.4}% 30
\BOOKMARK [1][-]{section.4.2}{4.2\040The\040Six\040Circular\040Functions\040and\040Fundamental\040Identities}{chapter.4}% 31
\BOOKMARK [1][-]{section.4.3}{4.3\040Trigonometric\040Identities}{chapter.4}% 32
\BOOKMARK [1][-]{section.4.4}{4.4\040Graphs\040of\040the\040Trigonometric\040Functions}{chapter.4}% 33
\BOOKMARK [2][-]{subsection.4.4.1}{4.4.1\040Graphs\040of\040the\040Cosine\040and\040Sine\040Functions}{section.4.4}% 34
\BOOKMARK [2][-]{subsection.4.4.2}{4.4.2\040Graphs\040of\040the\040Secant\040and\040Cosecant\040Functions}{section.4.4}% 35
\BOOKMARK [2][-]{subsection.4.4.3}{4.4.3\040Graphs\040of\040the\040Tangent\040and\040Cotangent\040Functions}{section.4.4}% 36
\BOOKMARK [1][-]{section.4.5}{4.5\040Inverse\040Trigonometric\040Functions}{chapter.4}% 37
\BOOKMARK [2][-]{subsection.4.5.1}{4.5.1\040Inverses\040of\040Secant\040and\040Cosecant:\040Trigonometry\040Friendly\040Approach}{section.4.5}% 38
\BOOKMARK [2][-]{subsection.4.5.2}{4.5.2\040Inverses\040of\040Secant\040and\040Cosecant:\040Calculus\040Friendly\040Approach}{section.4.5}% 39
\BOOKMARK [0][-]{chapter.5}{5\040Limits}{}% 40
\BOOKMARK [1][-]{section.5.1}{5.1\040An\040Introduction\040To\040Limits}{chapter.5}% 41
\BOOKMARK [1][-]{section.5.2}{5.2\040Finding\040Limits\040Analytically}{chapter.5}% 42
\BOOKMARK [1][-]{section.5.3}{5.3\040One\040Sided\040Limits}{chapter.5}% 43
\BOOKMARK [1][-]{section.5.4}{5.4\040Continuity}{chapter.5}% 44
\BOOKMARK [1][-]{section.5.5}{5.5\040Limits\040Involving\040Infinity}{chapter.5}% 45
\BOOKMARK [0][-]{chapter.6}{6\040Derivatives}{}% 46
\BOOKMARK [1][-]{section.6.1}{6.1\040Instantaneous\040Rates\040of\040Change:\040The\040Derivative}{chapter.6}% 47
\BOOKMARK [1][-]{section.6.2}{6.2\040Interpretations\040of\040the\040Derivative}{chapter.6}% 48
\BOOKMARK [1][-]{section.6.3}{6.3\040Basic\040Differentiation\040Rules}{chapter.6}% 49
\BOOKMARK [1][-]{section.6.4}{6.4\040The\040Product\040and\040Quotient\040Rules}{chapter.6}% 50
\BOOKMARK [1][-]{section.6.5}{6.5\040The\040Chain\040Rule}{chapter.6}% 51
\BOOKMARK [0][-]{chapter.7}{7\040The\040Graphical\040Behavior\040of\040Functions}{}% 52
\BOOKMARK [1][-]{section.7.1}{7.1\040Extreme\040Values}{chapter.7}% 53
\BOOKMARK [1][-]{section.7.2}{7.2\040Increasing\040and\040Decreasing\040Functions}{chapter.7}% 54
\BOOKMARK [1][-]{section.7.3}{7.3\040Concavity\040and\040the\040Second\040Derivative}{chapter.7}% 55
\BOOKMARK [1][-]{section.7.4}{7.4\040Curve\040Sketching}{chapter.7}% 56
\BOOKMARK [1][-]{section.7.5}{7.5\040Antiderivatives\040and\040Indefinite\040Integration}{chapter.7}% 57
\BOOKMARK [0][-]{appendix.A}{A\040Answers\040To\040Selected\040Problems}{}% 58
\BOOKMARK [0][-]{section*.395}{Index}{}% 59
